writeCommonTags: couldn't write 'year' tag to 'Travis Scott Birds In The Trap Sing McKnight [iTunes] 2016 AAC/AAC/01 the ends.m4a' as it's not a positive integer
writeCommonTags: couldn't write 'year' tag to 'Travis Scott Birds In The Trap Sing McKnight [iTunes] 2016 AAC/AAC/02 way back.m4a' as it's not a positive integer
writeCommonTags: couldn't write 'year' tag to 'Travis Scott Birds In The Trap Sing McKnight [iTunes] 2016 AAC/AAC/03 coordinate.m4a' as it's not a positive integer
writeCommonTags: couldn't write 'year' tag to 'Travis Scott Birds In The Trap Sing McKnight [iTunes] 2016 AAC/AAC/04 through the late night.m4a' as it's not a positive integer
writeCommonTags: couldn't write 'year' tag to 'Travis Scott Birds In The Trap Sing McKnight [iTunes] 2016 AAC/AAC/05 beibs in the trap.m4a' as it's not a positive integer
writeCommonTags: couldn't write 'year' tag to 'Travis Scott Birds In The Trap Sing McKnight [iTunes] 2016 AAC/AAC/06 sdp interlude.m4a' as it's not a positive integer
writeCommonTags: couldn't write 'year' tag to 'Travis Scott Birds In The Trap Sing McKnight [iTunes] 2016 AAC/AAC/07 sweet sweet.m4a' as it's not a positive integer
writeCommonTags: couldn't write 'year' tag to 'Travis Scott Birds In The Trap Sing McKnight [iTunes] 2016 AAC/AAC/08 outside.m4a' as it's not a positive integer
writeCommonTags: couldn't write 'year' tag to 'Travis Scott Birds In The Trap Sing McKnight [iTunes] 2016 AAC/AAC/09 goosebumps.m4a' as it's not a positive integer
writeCommonTags: couldn't write 'year' tag to 'Travis Scott Birds In The Trap Sing McKnight [iTunes] 2016 AAC/AAC/10 first take.m4a' as it's not a positive integer
writeCommonTags: couldn't write 'year' tag to 'Travis Scott Birds In The Trap Sing McKnight [iTunes] 2016 AAC/AAC/11 pick up the phone.m4a' as it's not a positive integer
writeCommonTags: couldn't write 'year' tag to 'Travis Scott Birds In The Trap Sing McKnight [iTunes] 2016 AAC/AAC/12 lose.m4a' as it's not a positive integer
writeCommonTags: couldn't write 'year' tag to 'Travis Scott Birds In The Trap Sing McKnight [iTunes] 2016 AAC/AAC/13 guidance.m4a' as it's not a positive integer
writeCommonTags: couldn't write 'year' tag to 'Travis Scott Birds In The Trap Sing McKnight [iTunes] 2016 AAC/AAC/14 wonderful.m4a' as it's not a positive integer
writeCommonTags: couldn't write 'year' tag to 'Travis Scott Birds In The Trap Sing McKnight [iTunes] 2016 AAC/AAC/01 the ends.m4a' as it's not a positive integer
writeCommonTags: couldn't write 'year' tag to 'Travis Scott Birds In The Trap Sing McKnight [iTunes] 2016 AAC/AAC/02 way back.m4a' as it's not a positive integer
writeCommonTags: couldn't write 'year' tag to 'Travis Scott Birds In The Trap Sing McKnight [iTunes] 2016 AAC/AAC/03 coordinate.m4a' as it's not a positive integer
writeCommonTags: couldn't write 'year' tag to 'Travis Scott Birds In The Trap Sing McKnight [iTunes] 2016 AAC/AAC/04 through the late night.m4a' as it's not a positive integer
writeCommonTags: couldn't write 'year' tag to 'Travis Scott Birds In The Trap Sing McKnight [iTunes] 2016 AAC/AAC/05 beibs in the trap.m4a' as it's not a positive integer
writeCommonTags: couldn't write 'year' tag to 'Travis Scott Birds In The Trap Sing McKnight [iTunes] 2016 AAC/AAC/06 sdp interlude.m4a' as it's not a positive integer
writeCommonTags: couldn't write 'year' tag to 'Travis Scott Birds In The Trap Sing McKnight [iTunes] 2016 AAC/AAC/07 sweet sweet.m4a' as it's not a positive integer
writeCommonTags: couldn't write 'year' tag to 'Travis Scott Birds In The Trap Sing McKnight [iTunes] 2016 AAC/AAC/08 outside.m4a' as it's not a positive integer
writeCommonTags: couldn't write 'year' tag to 'Travis Scott Birds In The Trap Sing McKnight [iTunes] 2016 AAC/AAC/09 goosebumps.m4a' as it's not a positive integer
writeCommonTags: couldn't write 'year' tag to 'Travis Scott Birds In The Trap Sing McKnight [iTunes] 2016 AAC/AAC/10 first take.m4a' as it's not a positive integer
writeCommonTags: couldn't write 'year' tag to 'Travis Scott Birds In The Trap Sing McKnight [iTunes] 2016 AAC/AAC/11 pick up the phone.m4a' as it's not a positive integer
writeCommonTags: couldn't write 'year' tag to 'Travis Scott Birds In The Trap Sing McKnight [iTunes] 2016 AAC/AAC/12 lose.m4a' as it's not a positive integer
writeCommonTags: couldn't write 'year' tag to 'Travis Scott Birds In The Trap Sing McKnight [iTunes] 2016 AAC/AAC/13 guidance.m4a' as it's not a positive integer
writeCommonTags: couldn't write 'year' tag to 'Travis Scott Birds In The Trap Sing McKnight [iTunes] 2016 AAC/AAC/14 wonderful.m4a' as it's not a positive integer
writeCommonTags: couldn't write 'year' tag to 'Travis Scott Birds In The Trap Sing McKnight [iTunes] 2016 AAC/AAC/01 the ends.m4a' as it's not a positive integer
writeCommonTags: couldn't write 'year' tag to 'Travis Scott Birds In The Trap Sing McKnight [iTunes] 2016 AAC/AAC/02 way back.m4a' as it's not a positive integer
writeCommonTags: couldn't write 'year' tag to 'Travis Scott Birds In The Trap Sing McKnight [iTunes] 2016 AAC/AAC/03 coordinate.m4a' as it's not a positive integer
writeCommonTags: couldn't write 'year' tag to 'Travis Scott Birds In The Trap Sing McKnight [iTunes] 2016 AAC/AAC/04 through the late night.m4a' as it's not a positive integer
writeCommonTags: couldn't write 'year' tag to 'Travis Scott Birds In The Trap Sing McKnight [iTunes] 2016 AAC/AAC/05 beibs in the trap.m4a' as it's not a positive integer
writeCommonTags: couldn't write 'year' tag to 'Travis Scott Birds In The Trap Sing McKnight [iTunes] 2016 AAC/AAC/06 sdp interlude.m4a' as it's not a positive integer
writeCommonTags: couldn't write 'year' tag to 'Travis Scott Birds In The Trap Sing McKnight [iTunes] 2016 AAC/AAC/07 sweet sweet.m4a' as it's not a positive integer
writeCommonTags: couldn't write 'year' tag to 'Travis Scott Birds In The Trap Sing McKnight [iTunes] 2016 AAC/AAC/08 outside.m4a' as it's not a positive integer
writeCommonTags: couldn't write 'year' tag to 'Travis Scott Birds In The Trap Sing McKnight [iTunes] 2016 AAC/AAC/09 goosebumps.m4a' as it's not a positive integer
writeCommonTags: couldn't write 'year' tag to 'Travis Scott Birds In The Trap Sing McKnight [iTunes] 2016 AAC/AAC/10 first take.m4a' as it's not a positive integer
writeCommonTags: couldn't write 'year' tag to 'Travis Scott Birds In The Trap Sing McKnight [iTunes] 2016 AAC/AAC/11 pick up the phone.m4a' as it's not a positive integer
writeCommonTags: couldn't write 'year' tag to 'Travis Scott Birds In The Trap Sing McKnight [iTunes] 2016 AAC/AAC/12 lose.m4a' as it's not a positive integer
writeCommonTags: couldn't write 'year' tag to 'Travis Scott Birds In The Trap Sing McKnight [iTunes] 2016 AAC/AAC/13 guidance.m4a' as it's not a positive integer
writeCommonTags: couldn't write 'year' tag to 'Travis Scott Birds In The Trap Sing McKnight [iTunes] 2016 AAC/AAC/14 wonderful.m4a' as it's not a positive integer
writeCommonTags: couldn't write 'year' tag to 'Travis Scott Birds In The Trap Sing McKnight [iTunes] 2016 AAC/AAC/01 the ends.m4a' as it's not a positive integer
writeCommonTags: couldn't write 'year' tag to 'Travis Scott Birds In The Trap Sing McKnight [iTunes] 2016 AAC/AAC/02 way back.m4a' as it's not a positive integer
writeCommonTags: couldn't write 'year' tag to 'Travis Scott Birds In The Trap Sing McKnight [iTunes] 2016 AAC/AAC/03 coordinate.m4a' as it's not a positive integer
writeCommonTags: couldn't write 'year' tag to 'Travis Scott Birds In The Trap Sing McKnight [iTunes] 2016 AAC/AAC/04 through the late night.m4a' as it's not a positive integer
writeCommonTags: couldn't write 'year' tag to 'Travis Scott Birds In The Trap Sing McKnight [iTunes] 2016 AAC/AAC/05 beibs in the trap.m4a' as it's not a positive integer
writeCommonTags: couldn't write 'year' tag to 'Travis Scott Birds In The Trap Sing McKnight [iTunes] 2016 AAC/AAC/06 sdp interlude.m4a' as it's not a positive integer
writeCommonTags: couldn't write 'year' tag to 'Travis Scott Birds In The Trap Sing McKnight [iTunes] 2016 AAC/AAC/07 sweet sweet.m4a' as it's not a positive integer
writeCommonTags: couldn't write 'year' tag to 'Travis Scott Birds In The Trap Sing McKnight [iTunes] 2016 AAC/AAC/08 outside.m4a' as it's not a positive integer
writeCommonTags: couldn't write 'year' tag to 'Travis Scott Birds In The Trap Sing McKnight [iTunes] 2016 AAC/AAC/09 goosebumps.m4a' as it's not a positive integer
writeCommonTags: couldn't write 'year' tag to 'Travis Scott Birds In The Trap Sing McKnight [iTunes] 2016 AAC/AAC/10 first take.m4a' as it's not a positive integer
writeCommonTags: couldn't write 'year' tag to 'Travis Scott Birds In The Trap Sing McKnight [iTunes] 2016 AAC/AAC/11 pick up the phone.m4a' as it's not a positive integer
writeCommonTags: couldn't write 'year' tag to 'Travis Scott Birds In The Trap Sing McKnight [iTunes] 2016 AAC/AAC/12 lose.m4a' as it's not a positive integer
writeCommonTags: couldn't write 'year' tag to 'Travis Scott Birds In The Trap Sing McKnight [iTunes] 2016 AAC/AAC/13 guidance.m4a' as it's not a positive integer
writeCommonTags: couldn't write 'year' tag to 'Travis Scott Birds In The Trap Sing McKnight [iTunes] 2016 AAC/AAC/14 wonderful.m4a' as it's not a positive integer
writeCommonTags: couldn't write 'year' tag to 'Travis Scott Birds In The Trap Sing McKnight [iTunes] 2016 AAC/AAC/01 the ends.m4a' as it's not a positive integer
writeCommonTags: couldn't write 'year' tag to 'Travis Scott Birds In The Trap Sing McKnight [iTunes] 2016 AAC/AAC/02 way back.m4a' as it's not a positive integer
writeCommonTags: couldn't write 'year' tag to 'Travis Scott Birds In The Trap Sing McKnight [iTunes] 2016 AAC/AAC/03 coordinate.m4a' as it's not a positive integer
writeCommonTags: couldn't write 'year' tag to 'Travis Scott Birds In The Trap Sing McKnight [iTunes] 2016 AAC/AAC/04 through the late night.m4a' as it's not a positive integer
writeCommonTags: couldn't write 'year' tag to 'Travis Scott Birds In The Trap Sing McKnight [iTunes] 2016 AAC/AAC/05 beibs in the trap.m4a' as it's not a positive integer
writeCommonTags: couldn't write 'year' tag to 'Travis Scott Birds In The Trap Sing McKnight [iTunes] 2016 AAC/AAC/06 sdp interlude.m4a' as it's not a positive integer
writeCommonTags: couldn't write 'year' tag to 'Travis Scott Birds In The Trap Sing McKnight [iTunes] 2016 AAC/AAC/07 sweet sweet.m4a' as it's not a positive integer
writeCommonTags: couldn't write 'year' tag to 'Travis Scott Birds In The Trap Sing McKnight [iTunes] 2016 AAC/AAC/08 outside.m4a' as it's not a positive integer
writeCommonTags: couldn't write 'year' tag to 'Travis Scott Birds In The Trap Sing McKnight [iTunes] 2016 AAC/AAC/09 goosebumps.m4a' as it's not a positive integer
writeCommonTags: couldn't write 'year' tag to 'Travis Scott Birds In The Trap Sing McKnight [iTunes] 2016 AAC/AAC/10 first take.m4a' as it's not a positive integer
writeCommonTags: couldn't write 'year' tag to 'Travis Scott Birds In The Trap Sing McKnight [iTunes] 2016 AAC/AAC/11 pick up the phone.m4a' as it's not a positive integer
writeCommonTags: couldn't write 'year' tag to 'Travis Scott Birds In The Trap Sing McKnight [iTunes] 2016 AAC/AAC/12 lose.m4a' as it's not a positive integer
writeCommonTags: couldn't write 'year' tag to 'Travis Scott Birds In The Trap Sing McKnight [iTunes] 2016 AAC/AAC/13 guidance.m4a' as it's not a positive integer
writeCommonTags: couldn't write 'year' tag to 'Travis Scott Birds In The Trap Sing McKnight [iTunes] 2016 AAC/AAC/14 wonderful.m4a' as it's not a positive integer
writeCommonTags: couldn't write 'year' tag to 'Travis Scott Birds In The Trap Sing McKnight [iTunes] 2016 AAC/AAC/01 the ends.m4a' as it's not a positive integer
writeCommonTags: couldn't write 'year' tag to 'Travis Scott Birds In The Trap Sing McKnight [iTunes] 2016 AAC/AAC/02 way back.m4a' as it's not a positive integer
writeCommonTags: couldn't write 'year' tag to 'Travis Scott Birds In The Trap Sing McKnight [iTunes] 2016 AAC/AAC/03 coordinate.m4a' as it's not a positive integer
writeCommonTags: couldn't write 'year' tag to 'Travis Scott Birds In The Trap Sing McKnight [iTunes] 2016 AAC/AAC/04 through the late night.m4a' as it's not a positive integer
writeCommonTags: couldn't write 'year' tag to 'Travis Scott Birds In The Trap Sing McKnight [iTunes] 2016 AAC/AAC/05 beibs in the trap.m4a' as it's not a positive integer
writeCommonTags: couldn't write 'year' tag to 'Travis Scott Birds In The Trap Sing McKnight [iTunes] 2016 AAC/AAC/06 sdp interlude.m4a' as it's not a positive integer
writeCommonTags: couldn't write 'year' tag to 'Travis Scott Birds In The Trap Sing McKnight [iTunes] 2016 AAC/AAC/07 sweet sweet.m4a' as it's not a positive integer
writeCommonTags: couldn't write 'year' tag to 'Travis Scott Birds In The Trap Sing McKnight [iTunes] 2016 AAC/AAC/08 outside.m4a' as it's not a positive integer
writeCommonTags: couldn't write 'year' tag to 'Travis Scott Birds In The Trap Sing McKnight [iTunes] 2016 AAC/AAC/09 goosebumps.m4a' as it's not a positive integer
writeCommonTags: couldn't write 'year' tag to 'Travis Scott Birds In The Trap Sing McKnight [iTunes] 2016 AAC/AAC/10 first take.m4a' as it's not a positive integer
writeCommonTags: couldn't write 'year' tag to 'Travis Scott Birds In The Trap Sing McKnight [iTunes] 2016 AAC/AAC/11 pick up the phone.m4a' as it's not a positive integer
writeCommonTags: couldn't write 'year' tag to 'Travis Scott Birds In The Trap Sing McKnight [iTunes] 2016 AAC/AAC/12 lose.m4a' as it's not a positive integer
writeCommonTags: couldn't write 'year' tag to 'Travis Scott Birds In The Trap Sing McKnight [iTunes] 2016 AAC/AAC/13 guidance.m4a' as it's not a positive integer
writeCommonTags: couldn't write 'year' tag to 'Travis Scott Birds In The Trap Sing McKnight [iTunes] 2016 AAC/AAC/14 wonderful.m4a' as it's not a positive integer
